[2025-05-08 01:02:58] ID duplicado: 101 -> 101,Juan Pérez,1.00,2025-01-15,Premium
[2025-05-08 01:02:58] ID duplicado: 105 -> 105,María García,4.50,2024-11-20,Regular
[2025-05-08 01:02:58] ID duplicado: 102 -> 102,Pedro López,5.20,2025-03-01,Regular
[2025-05-08 01:02:58] ID duplicado: 108 -> 108,Ana Martínez,3.00,2024-12-25,Premium
[2025-05-08 01:02:58] ID duplicado: 103 -> 103,Luis Rodríguez,6.80,2025-02-10,Regular
[2025-05-08 01:02:58] ID duplicado: 107 -> 107,Laura Sánchez,7.90,2024-10-01,Premium
[2025-05-08 01:02:58] ID duplicado: 110 -> 110,Carlos Díaz,2.00,2024-09-15,Vip
[2025-05-08 01:13:31] ID duplicado: 101 -> 101,Juan Pérez,1.00,2025-01-15,Premium
[2025-05-08 01:13:31] ID duplicado: 105 -> 105,María García,4.50,2024-11-20,Regular
[2025-05-08 01:13:31] ID duplicado: 102 -> 102,Pedro López,5.20,2025-03-01,Regular
[2025-05-08 01:13:31] ID duplicado: 108 -> 108,Ana Martínez,3.00,2024-12-25,Premium
[2025-05-08 01:13:31] ID duplicado: 103 -> 103,Luis Rodríguez,6.80,2025-02-10,Regular
[2025-05-08 01:13:31] ID duplicado: 107 -> 107,Laura Sánchez,7.90,2024-10-01,Premium
[2025-05-08 01:13:31] ID duplicado: 110 -> 110,Carlos Díaz,2.00,2024-09-15,Vip
[2025-05-08 01:25:06] ID duplicado: 101 -> 101,Juan Pérez,1.00,2025-01-15,Premium
[2025-05-08 01:25:06] ID duplicado: 105 -> 105,María García,4.50,2024-11-20,Regular
[2025-05-08 01:25:06] ID duplicado: 102 -> 102,Pedro López,5.20,2025-03-01,Regular
[2025-05-08 01:25:06] ID duplicado: 108 -> 108,Ana Martínez,3.00,2024-12-25,Premium
[2025-05-08 01:25:06] ID duplicado: 103 -> 103,Luis Rodríguez,6.80,2025-02-10,Regular
[2025-05-08 01:25:06] ID duplicado: 107 -> 107,Laura Sánchez,7.90,2024-10-01,Premium
[2025-05-08 01:25:06] ID duplicado: 110 -> 110,Carlos Díaz,2.00,2024-09-15,Vip
[2025-05-08 01:28:57] ID duplicado: 101 -> 101,Juan Pérez,1.00,2025-01-15,Premium
[2025-05-08 01:28:57] ID duplicado: 105 -> 105,María García,4.50,2024-11-20,Regular
[2025-05-08 01:28:57] ID duplicado: 102 -> 102,Pedro López,5.20,2025-03-01,Regular
[2025-05-08 01:28:57] ID duplicado: 108 -> 108,Ana Martínez,3.00,2024-12-25,Premium
[2025-05-08 01:28:57] ID duplicado: 103 -> 103,Luis Rodríguez,6.80,2025-02-10,Regular
[2025-05-08 01:28:58] ID duplicado: 107 -> 107,Laura Sánchez,7.90,2024-10-01,Premium
[2025-05-08 01:28:58] ID duplicado: 110 -> 110,Carlos Díaz,2.00,2024-09-15,Vip
